<?xml version="1.0" encoding="utf-8"?><testsuites name="pytest tests"><testsuite name="pytest" errors="0" failures="1" skipped="0" tests="5" time="7.881" timestamp="2026-03-31T08:27:59.157748+00:00" hostname="agent-env-b7140115-1e2b-44bc-99f7-23f3113c573c"><testcase classname="backend.tests.test_rider_tracking.TestRiderLocationEndpoints" name="test_put_rider_location_updates_order" time="1.898" /><testcase classname="backend.tests.test_rider_tracking.TestRiderLocationEndpoints" name="test_get_tracking_returns_real_gps" time="1.913" /><testcase classname="backend.tests.test_rider_tracking.TestRiderLocationEndpoints" name="test_get_tracking_returns_simulated_when_no_recent_gps" time="1.667" /><testcase classname="backend.tests.test_rider_tracking.TestRiderLocationEndpoints" name="test_full_order_lifecycle_with_tracking" time="1.774"><failure message="assert 400 == 200&#10; +  where 400 = &lt;Response [400]&gt;.status_code">backend/tests/test_rider_tracking.py:254: in test_full_order_lifecycle_with_tracking
    assert accept_response.status_code == 200
E   assert 400 == 200
E    +  where 400 = &lt;Response [400]&gt;.status_code</failure></testcase><testcase classname="backend.tests.test_rider_tracking.TestRiderActiveOrders" name="test_get_rider_active_orders" time="0.542" /></testsuite></testsuites>